<?xml version="1.0" encoding="UTF-8" ?>
<testsuite tests="8" failures="7" name="com.company.task1.TestSuiteArrayService" time="0.333" errors="0" skipped="0">
    <properties>
[...]
</properties>
    <testcase classname="com.company.task1.ArrayFindServiceTest" name="testFindMax" time="0.323">
        <failure message="expected:&lt;5&gt; but was:&lt;0&gt;" type="java.lang.AssertionError">java.lang.AssertionError: expected:&lt;5&gt; but was:&lt;0&gt;
            at org.junit.Assert.fail(Assert.java:89)
            at org.junit.Assert.failNotEquals(Assert.java:835)
            at org.junit.Assert.assertEquals(Assert.java:647)
            at org.junit.Assert.assertEquals(Assert.java:633)
            at com.company.task1.ArrayFindServiceTest.testFindMax(ArrayFindServiceTest.java:28)
            at sun.reflect.NativeMethodAccessorImpl.invoke0(Native Method)
            at sun.reflect.NativeMethodAccessorImpl.invoke(NativeMethodAccessorImpl.java:62)
            at sun.reflect.DelegatingMethodAccessorImpl.invoke(DelegatingMethodAccessorImpl.java:43)
            at java.lang.reflect.Method.invoke(Method.java:498)
            at org.junit.runners.model.FrameworkMethod$1.runReflectiveCall(FrameworkMethod.java:59)
            at org.junit.internal.runners.model.ReflectiveCallable.run(ReflectiveCallable.java:12)
            at org.junit.runners.model.FrameworkMethod.invokeExplosively(FrameworkMethod.java:56)
            at org.junit.internal.runners.statements.InvokeMethod.evaluate(InvokeMethod.java:17)
            at org.junit.runners.ParentRunner$3.evaluate(ParentRunner.java:306)
            at org.junit.runners.BlockJUnit4ClassRunner$1.evaluate(BlockJUnit4ClassRunner.java:100)
            at org.junit.runners.ParentRunner.runLeaf(ParentRunner.java:366)
            at org.junit.runners.BlockJUnit4ClassRunner.runChild(BlockJUnit4ClassRunner.java:103)
            at org.junit.runners.BlockJUnit4ClassRunner.runChild(BlockJUnit4ClassRunner.java:63)
            at org.junit.runners.ParentRunner$4.run(ParentRunner.java:331)
            at org.junit.runners.ParentRunner$1.schedule(ParentRunner.java:79)
            at org.junit.runners.ParentRunner.runChildren(ParentRunner.java:329)
            at org.junit.runners.ParentRunner.access$100(ParentRunner.java:66)
            at org.junit.runners.ParentRunner$2.evaluate(ParentRunner.java:293)
            at org.junit.runners.ParentRunner$3.evaluate(ParentRunner.java:306)
            at org.junit.runners.ParentRunner.run(ParentRunner.java:413)
            at org.junit.runners.Suite.runChild(Suite.java:128)
            at org.junit.runners.Suite.runChild(Suite.java:27)
            at org.junit.runners.ParentRunner$4.run(ParentRunner.java:331)
            at org.junit.runners.ParentRunner$1.schedule(ParentRunner.java:79)
            at org.junit.runners.ParentRunner.runChildren(ParentRunner.java:329)
            at org.junit.runners.ParentRunner.access$100(ParentRunner.java:66)
            at org.junit.runners.ParentRunner$2.evaluate(ParentRunner.java:293)
            at org.junit.runners.ParentRunner$3.evaluate(ParentRunner.java:306)
            at org.junit.runners.ParentRunner.run(ParentRunner.java:413)
            at org.apache.maven.surefire.junit4.JUnit4Provider.execute(JUnit4Provider.java:252)
            at org.apache.maven.surefire.junit4.JUnit4Provider.executeTestSet(JUnit4Provider.java:141)
            at org.apache.maven.surefire.junit4.JUnit4Provider.invoke(JUnit4Provider.java:112)
            at sun.reflect.NativeMethodAccessorImpl.invoke0(Native Method)
            at sun.reflect.NativeMethodAccessorImpl.invoke(NativeMethodAccessorImpl.java:62)
            at sun.reflect.DelegatingMethodAccessorImpl.invoke(DelegatingMethodAccessorImpl.java:43)
            at java.lang.reflect.Method.invoke(Method.java:498)
            at org.apache.maven.surefire.util.ReflectionUtils.invokeMethodWithArray(ReflectionUtils.java:189)
            at org.apache.maven.surefire.booter.ProviderFactory$ProviderProxy.invoke(ProviderFactory.java:165)
            at org.apache.maven.surefire.booter.ProviderFactory.invokeProvider(ProviderFactory.java:85)
            at org.apache.maven.surefire.booter.ForkedBooter.runSuitesInProcess(ForkedBooter.java:115)
            at org.apache.maven.surefire.booter.ForkedBooter.main(ForkedBooter.java:75)
        </failure>
    </testcase>
    <testcase classname="com.company.task1.ArrayFindServiceTest" name="testFindMin" time="0">
        <failure message="expected:&lt;-4&gt; but was:&lt;0&gt;" type="java.lang.AssertionError">java.lang.AssertionError: expected:&lt;-4&gt; but was:&lt;0&gt;
            at org.junit.Assert.fail(Assert.java:89)
            at org.junit.Assert.failNotEquals(Assert.java:835)
            at org.junit.Assert.assertEquals(Assert.java:647)
            at org.junit.Assert.assertEquals(Assert.java:633)
            at com.company.task1.ArrayFindServiceTest.testFindMin(ArrayFindServiceTest.java:20)
            at sun.reflect.NativeMethodAccessorImpl.invoke0(Native Method)
            at sun.reflect.NativeMethodAccessorImpl.invoke(NativeMethodAccessorImpl.java:62)
            at sun.reflect.DelegatingMethodAccessorImpl.invoke(DelegatingMethodAccessorImpl.java:43)
            at java.lang.reflect.Method.invoke(Method.java:498)
            at org.junit.runners.model.FrameworkMethod$1.runReflectiveCall(FrameworkMethod.java:59)
            at org.junit.internal.runners.model.ReflectiveCallable.run(ReflectiveCallable.java:12)
            at org.junit.runners.model.FrameworkMethod.invokeExplosively(FrameworkMethod.java:56)
            at org.junit.internal.runners.statements.InvokeMethod.evaluate(InvokeMethod.java:17)
            at org.junit.runners.ParentRunner$3.evaluate(ParentRunner.java:306)
            at org.junit.runners.BlockJUnit4ClassRunner$1.evaluate(BlockJUnit4ClassRunner.java:100)
            at org.junit.runners.ParentRunner.runLeaf(ParentRunner.java:366)
            at org.junit.runners.BlockJUnit4ClassRunner.runChild(BlockJUnit4ClassRunner.java:103)
            at org.junit.runners.BlockJUnit4ClassRunner.runChild(BlockJUnit4ClassRunner.java:63)
            at org.junit.runners.ParentRunner$4.run(ParentRunner.java:331)
            at org.junit.runners.ParentRunner$1.schedule(ParentRunner.java:79)
            at org.junit.runners.ParentRunner.runChildren(ParentRunner.java:329)
            at org.junit.runners.ParentRunner.access$100(ParentRunner.java:66)
            at org.junit.runners.ParentRunner$2.evaluate(ParentRunner.java:293)
            at org.junit.runners.ParentRunner$3.evaluate(ParentRunner.java:306)
            at org.junit.runners.ParentRunner.run(ParentRunner.java:413)
            at org.junit.runners.Suite.runChild(Suite.java:128)
            at org.junit.runners.Suite.runChild(Suite.java:27)
            at org.junit.runners.ParentRunner$4.run(ParentRunner.java:331)
            at org.junit.runners.ParentRunner$1.schedule(ParentRunner.java:79)
            at org.junit.runners.ParentRunner.runChildren(ParentRunner.java:329)
            at org.junit.runners.ParentRunner.access$100(ParentRunner.java:66)
            at org.junit.runners.ParentRunner$2.evaluate(ParentRunner.java:293)
            at org.junit.runners.ParentRunner$3.evaluate(ParentRunner.java:306)
            at org.junit.runners.ParentRunner.run(ParentRunner.java:413)
            at org.apache.maven.surefire.junit4.JUnit4Provider.execute(JUnit4Provider.java:252)
            at org.apache.maven.surefire.junit4.JUnit4Provider.executeTestSet(JUnit4Provider.java:141)
            at org.apache.maven.surefire.junit4.JUnit4Provider.invoke(JUnit4Provider.java:112)
            at sun.reflect.NativeMethodAccessorImpl.invoke0(Native Method)
            at sun.reflect.NativeMethodAccessorImpl.invoke(NativeMethodAccessorImpl.java:62)
            at sun.reflect.DelegatingMethodAccessorImpl.invoke(DelegatingMethodAccessorImpl.java:43)
            at java.lang.reflect.Method.invoke(Method.java:498)
            at org.apache.maven.surefire.util.ReflectionUtils.invokeMethodWithArray(ReflectionUtils.java:189)
            at org.apache.maven.surefire.booter.ProviderFactory$ProviderProxy.invoke(ProviderFactory.java:165)
            at org.apache.maven.surefire.booter.ProviderFactory.invokeProvider(ProviderFactory.java:85)
            at org.apache.maven.surefire.booter.ForkedBooter.runSuitesInProcess(ForkedBooter.java:115)
            at org.apache.maven.surefire.booter.ForkedBooter.main(ForkedBooter.java:75)
        </failure>
    </testcase>
    <testcase classname="com.company.task1.ArrayDefiniteServiceTest" name="testDeterminationAmount" time="0.002">
        <failure message="expected:&lt;5&gt; but was:&lt;0&gt;" type="java.lang.AssertionError">java.lang.AssertionError: expected:&lt;5&gt; but was:&lt;0&gt;
            at org.junit.Assert.fail(Assert.java:89)
            at org.junit.Assert.failNotEquals(Assert.java:835)
            at org.junit.Assert.assertEquals(Assert.java:647)
            at org.junit.Assert.assertEquals(Assert.java:633)
            at com.company.task1.ArrayDefiniteServiceTest.testDeterminationAmount(ArrayDefiniteServiceTest.java:20)
            at sun.reflect.NativeMethodAccessorImpl.invoke0(Native Method)
            at sun.reflect.NativeMethodAccessorImpl.invoke(NativeMethodAccessorImpl.java:62)
            at sun.reflect.DelegatingMethodAccessorImpl.invoke(DelegatingMethodAccessorImpl.java:43)
            at java.lang.reflect.Method.invoke(Method.java:498)
            at org.junit.runners.model.FrameworkMethod$1.runReflectiveCall(FrameworkMethod.java:59)
            at org.junit.internal.runners.model.ReflectiveCallable.run(ReflectiveCallable.java:12)
            at org.junit.runners.model.FrameworkMethod.invokeExplosively(FrameworkMethod.java:56)
            at org.junit.internal.runners.statements.InvokeMethod.evaluate(InvokeMethod.java:17)
            at org.junit.runners.ParentRunner$3.evaluate(ParentRunner.java:306)
            at org.junit.runners.BlockJUnit4ClassRunner$1.evaluate(BlockJUnit4ClassRunner.java:100)
            at org.junit.runners.ParentRunner.runLeaf(ParentRunner.java:366)
            at org.junit.runners.BlockJUnit4ClassRunner.runChild(BlockJUnit4ClassRunner.java:103)
            at org.junit.runners.BlockJUnit4ClassRunner.runChild(BlockJUnit4ClassRunner.java:63)
            at org.junit.runners.ParentRunner$4.run(ParentRunner.java:331)
            at org.junit.runners.ParentRunner$1.schedule(ParentRunner.java:79)
            at org.junit.runners.ParentRunner.runChildren(ParentRunner.java:329)
            at org.junit.runners.ParentRunner.access$100(ParentRunner.java:66)
            at org.junit.runners.ParentRunner$2.evaluate(ParentRunner.java:293)
            at org.junit.runners.ParentRunner$3.evaluate(ParentRunner.java:306)
            at org.junit.runners.ParentRunner.run(ParentRunner.java:413)
            at org.junit.runners.Suite.runChild(Suite.java:128)
            at org.junit.runners.Suite.runChild(Suite.java:27)
            at org.junit.runners.ParentRunner$4.run(ParentRunner.java:331)
            at org.junit.runners.ParentRunner$1.schedule(ParentRunner.java:79)
            at org.junit.runners.ParentRunner.runChildren(ParentRunner.java:329)
            at org.junit.runners.ParentRunner.access$100(ParentRunner.java:66)
            at org.junit.runners.ParentRunner$2.evaluate(ParentRunner.java:293)
            at org.junit.runners.ParentRunner$3.evaluate(ParentRunner.java:306)
            at org.junit.runners.ParentRunner.run(ParentRunner.java:413)
            at org.apache.maven.surefire.junit4.JUnit4Provider.execute(JUnit4Provider.java:252)
            at org.apache.maven.surefire.junit4.JUnit4Provider.executeTestSet(JUnit4Provider.java:141)
            at org.apache.maven.surefire.junit4.JUnit4Provider.invoke(JUnit4Provider.java:112)
            at sun.reflect.NativeMethodAccessorImpl.invoke0(Native Method)
            at sun.reflect.NativeMethodAccessorImpl.invoke(NativeMethodAccessorImpl.java:62)
            at sun.reflect.DelegatingMethodAccessorImpl.invoke(DelegatingMethodAccessorImpl.java:43)
            at java.lang.reflect.Method.invoke(Method.java:498)
            at org.apache.maven.surefire.util.ReflectionUtils.invokeMethodWithArray(ReflectionUtils.java:189)
            at org.apache.maven.surefire.booter.ProviderFactory$ProviderProxy.invoke(ProviderFactory.java:165)
            at org.apache.maven.surefire.booter.ProviderFactory.invokeProvider(ProviderFactory.java:85)
            at org.apache.maven.surefire.booter.ForkedBooter.runSuitesInProcess(ForkedBooter.java:115)
            at org.apache.maven.surefire.booter.ForkedBooter.main(ForkedBooter.java:75)
        </failure>
    </testcase>
    <testcase classname="com.company.task1.ArrayDefiniteServiceTest" name="testDeterminationPositive" time="0.001">
        <failure message="expected:&lt;3&gt; but was:&lt;0&gt;" type="java.lang.AssertionError">java.lang.AssertionError: expected:&lt;3&gt; but was:&lt;0&gt;
            at org.junit.Assert.fail(Assert.java:89)
            at org.junit.Assert.failNotEquals(Assert.java:835)
            at org.junit.Assert.assertEquals(Assert.java:647)
            at org.junit.Assert.assertEquals(Assert.java:633)
            at com.company.task1.ArrayDefiniteServiceTest.testDeterminationPositive(ArrayDefiniteServiceTest.java:36)
            at sun.reflect.NativeMethodAccessorImpl.invoke0(Native Method)
            at sun.reflect.NativeMethodAccessorImpl.invoke(NativeMethodAccessorImpl.java:62)
            at sun.reflect.DelegatingMethodAccessorImpl.invoke(DelegatingMethodAccessorImpl.java:43)
            at java.lang.reflect.Method.invoke(Method.java:498)
            at org.junit.runners.model.FrameworkMethod$1.runReflectiveCall(FrameworkMethod.java:59)
            at org.junit.internal.runners.model.ReflectiveCallable.run(ReflectiveCallable.java:12)
            at org.junit.runners.model.FrameworkMethod.invokeExplosively(FrameworkMethod.java:56)
            at org.junit.internal.runners.statements.InvokeMethod.evaluate(InvokeMethod.java:17)
            at org.junit.runners.ParentRunner$3.evaluate(ParentRunner.java:306)
            at org.junit.runners.BlockJUnit4ClassRunner$1.evaluate(BlockJUnit4ClassRunner.java:100)
            at org.junit.runners.ParentRunner.runLeaf(ParentRunner.java:366)
            at org.junit.runners.BlockJUnit4ClassRunner.runChild(BlockJUnit4ClassRunner.java:103)
            at org.junit.runners.BlockJUnit4ClassRunner.runChild(BlockJUnit4ClassRunner.java:63)
            at org.junit.runners.ParentRunner$4.run(ParentRunner.java:331)
            at org.junit.runners.ParentRunner$1.schedule(ParentRunner.java:79)
            at org.junit.runners.ParentRunner.runChildren(ParentRunner.java:329)
            at org.junit.runners.ParentRunner.access$100(ParentRunner.java:66)
            at org.junit.runners.ParentRunner$2.evaluate(ParentRunner.java:293)
            at org.junit.runners.ParentRunner$3.evaluate(ParentRunner.java:306)
            at org.junit.runners.ParentRunner.run(ParentRunner.java:413)
            at org.junit.runners.Suite.runChild(Suite.java:128)
            at org.junit.runners.Suite.runChild(Suite.java:27)
            at org.junit.runners.ParentRunner$4.run(ParentRunner.java:331)
            at org.junit.runners.ParentRunner$1.schedule(ParentRunner.java:79)
            at org.junit.runners.ParentRunner.runChildren(ParentRunner.java:329)
            at org.junit.runners.ParentRunner.access$100(ParentRunner.java:66)
            at org.junit.runners.ParentRunner$2.evaluate(ParentRunner.java:293)
            at org.junit.runners.ParentRunner$3.evaluate(ParentRunner.java:306)
            at org.junit.runners.ParentRunner.run(ParentRunner.java:413)
            at org.apache.maven.surefire.junit4.JUnit4Provider.execute(JUnit4Provider.java:252)
            at org.apache.maven.surefire.junit4.JUnit4Provider.executeTestSet(JUnit4Provider.java:141)
            at org.apache.maven.surefire.junit4.JUnit4Provider.invoke(JUnit4Provider.java:112)
            at sun.reflect.NativeMethodAccessorImpl.invoke0(Native Method)
            at sun.reflect.NativeMethodAccessorImpl.invoke(NativeMethodAccessorImpl.java:62)
            at sun.reflect.DelegatingMethodAccessorImpl.invoke(DelegatingMethodAccessorImpl.java:43)
            at java.lang.reflect.Method.invoke(Method.java:498)
            at org.apache.maven.surefire.util.ReflectionUtils.invokeMethodWithArray(ReflectionUtils.java:189)
            at org.apache.maven.surefire.booter.ProviderFactory$ProviderProxy.invoke(ProviderFactory.java:165)
            at org.apache.maven.surefire.booter.ProviderFactory.invokeProvider(ProviderFactory.java:85)
            at org.apache.maven.surefire.booter.ForkedBooter.runSuitesInProcess(ForkedBooter.java:115)
            at org.apache.maven.surefire.booter.ForkedBooter.main(ForkedBooter.java:75)
        </failure>
    </testcase>
    <testcase classname="com.company.task1.ArrayDefiniteServiceTest" name="testDeterminationAverage" time="0.002">
        <failure message="expected:&lt;1.25&gt; but was:&lt;0.0&gt;" type="java.lang.AssertionError">java.lang.AssertionError: expected:&lt;1.25&gt; but was:&lt;0.0&gt;
            at org.junit.Assert.fail(Assert.java:89)
            at org.junit.Assert.failNotEquals(Assert.java:835)
            at org.junit.Assert.assertEquals(Assert.java:555)
            at org.junit.Assert.assertEquals(Assert.java:685)
            at com.company.task1.ArrayDefiniteServiceTest.testDeterminationAverage(ArrayDefiniteServiceTest.java:28)
            at sun.reflect.NativeMethodAccessorImpl.invoke0(Native Method)
            at sun.reflect.NativeMethodAccessorImpl.invoke(NativeMethodAccessorImpl.java:62)
            at sun.reflect.DelegatingMethodAccessorImpl.invoke(DelegatingMethodAccessorImpl.java:43)
            at java.lang.reflect.Method.invoke(Method.java:498)
            at org.junit.runners.model.FrameworkMethod$1.runReflectiveCall(FrameworkMethod.java:59)
            at org.junit.internal.runners.model.ReflectiveCallable.run(ReflectiveCallable.java:12)
            at org.junit.runners.model.FrameworkMethod.invokeExplosively(FrameworkMethod.java:56)
            at org.junit.internal.runners.statements.InvokeMethod.evaluate(InvokeMethod.java:17)
            at org.junit.runners.ParentRunner$3.evaluate(ParentRunner.java:306)
            at org.junit.runners.BlockJUnit4ClassRunner$1.evaluate(BlockJUnit4ClassRunner.java:100)
            at org.junit.runners.ParentRunner.runLeaf(ParentRunner.java:366)
            at org.junit.runners.BlockJUnit4ClassRunner.runChild(BlockJUnit4ClassRunner.java:103)
            at org.junit.runners.BlockJUnit4ClassRunner.runChild(BlockJUnit4ClassRunner.java:63)
            at org.junit.runners.ParentRunner$4.run(ParentRunner.java:331)
            at org.junit.runners.ParentRunner$1.schedule(ParentRunner.java:79)
            at org.junit.runners.ParentRunner.runChildren(ParentRunner.java:329)
            at org.junit.runners.ParentRunner.access$100(ParentRunner.java:66)
            at org.junit.runners.ParentRunner$2.evaluate(ParentRunner.java:293)
            at org.junit.runners.ParentRunner$3.evaluate(ParentRunner.java:306)
            at org.junit.runners.ParentRunner.run(ParentRunner.java:413)
            at org.junit.runners.Suite.runChild(Suite.java:128)
            at org.junit.runners.Suite.runChild(Suite.java:27)
            at org.junit.runners.ParentRunner$4.run(ParentRunner.java:331)
            at org.junit.runners.ParentRunner$1.schedule(ParentRunner.java:79)
            at org.junit.runners.ParentRunner.runChildren(ParentRunner.java:329)
            at org.junit.runners.ParentRunner.access$100(ParentRunner.java:66)
            at org.junit.runners.ParentRunner$2.evaluate(ParentRunner.java:293)
            at org.junit.runners.ParentRunner$3.evaluate(ParentRunner.java:306)
            at org.junit.runners.ParentRunner.run(ParentRunner.java:413)
            at org.apache.maven.surefire.junit4.JUnit4Provider.execute(JUnit4Provider.java:252)
            at org.apache.maven.surefire.junit4.JUnit4Provider.executeTestSet(JUnit4Provider.java:141)
            at org.apache.maven.surefire.junit4.JUnit4Provider.invoke(JUnit4Provider.java:112)
            at sun.reflect.NativeMethodAccessorImpl.invoke0(Native Method)
            at sun.reflect.NativeMethodAccessorImpl.invoke(NativeMethodAccessorImpl.java:62)
            at sun.reflect.DelegatingMethodAccessorImpl.invoke(DelegatingMethodAccessorImpl.java:43)
            at java.lang.reflect.Method.invoke(Method.java:498)
            at org.apache.maven.surefire.util.ReflectionUtils.invokeMethodWithArray(ReflectionUtils.java:189)
            at org.apache.maven.surefire.booter.ProviderFactory$ProviderProxy.invoke(ProviderFactory.java:165)
            at org.apache.maven.surefire.booter.ProviderFactory.invokeProvider(ProviderFactory.java:85)
            at org.apache.maven.surefire.booter.ForkedBooter.runSuitesInProcess(ForkedBooter.java:115)
            at org.apache.maven.surefire.booter.ForkedBooter.main(ForkedBooter.java:75)
        </failure>
    </testcase>
    <testcase classname="com.company.task1.ArrayDefiniteServiceTest" name="testDeterminationNegative" time="0.001">
        <failure message="expected:&lt;1&gt; but was:&lt;0&gt;" type="java.lang.AssertionError">java.lang.AssertionError: expected:&lt;1&gt; but was:&lt;0&gt;
            at org.junit.Assert.fail(Assert.java:89)
            at org.junit.Assert.failNotEquals(Assert.java:835)
            at org.junit.Assert.assertEquals(Assert.java:647)
            at org.junit.Assert.assertEquals(Assert.java:633)
            at com.company.task1.ArrayDefiniteServiceTest.testDeterminationNegative(ArrayDefiniteServiceTest.java:44)
            at sun.reflect.NativeMethodAccessorImpl.invoke0(Native Method)
            at sun.reflect.NativeMethodAccessorImpl.invoke(NativeMethodAccessorImpl.java:62)
            at sun.reflect.DelegatingMethodAccessorImpl.invoke(DelegatingMethodAccessorImpl.java:43)
            at java.lang.reflect.Method.invoke(Method.java:498)
            at org.junit.runners.model.FrameworkMethod$1.runReflectiveCall(FrameworkMethod.java:59)
            at org.junit.internal.runners.model.ReflectiveCallable.run(ReflectiveCallable.java:12)
            at org.junit.runners.model.FrameworkMethod.invokeExplosively(FrameworkMethod.java:56)
            at org.junit.internal.runners.statements.InvokeMethod.evaluate(InvokeMethod.java:17)
            at org.junit.runners.ParentRunner$3.evaluate(ParentRunner.java:306)
            at org.junit.runners.BlockJUnit4ClassRunner$1.evaluate(BlockJUnit4ClassRunner.java:100)
            at org.junit.runners.ParentRunner.runLeaf(ParentRunner.java:366)
            at org.junit.runners.BlockJUnit4ClassRunner.runChild(BlockJUnit4ClassRunner.java:103)
            at org.junit.runners.BlockJUnit4ClassRunner.runChild(BlockJUnit4ClassRunner.java:63)
            at org.junit.runners.ParentRunner$4.run(ParentRunner.java:331)
            at org.junit.runners.ParentRunner$1.schedule(ParentRunner.java:79)
            at org.junit.runners.ParentRunner.runChildren(ParentRunner.java:329)
            at org.junit.runners.ParentRunner.access$100(ParentRunner.java:66)
            at org.junit.runners.ParentRunner$2.evaluate(ParentRunner.java:293)
            at org.junit.runners.ParentRunner$3.evaluate(ParentRunner.java:306)
            at org.junit.runners.ParentRunner.run(ParentRunner.java:413)
            at org.junit.runners.Suite.runChild(Suite.java:128)
            at org.junit.runners.Suite.runChild(Suite.java:27)
            at org.junit.runners.ParentRunner$4.run(ParentRunner.java:331)
            at org.junit.runners.ParentRunner$1.schedule(ParentRunner.java:79)
            at org.junit.runners.ParentRunner.runChildren(ParentRunner.java:329)
            at org.junit.runners.ParentRunner.access$100(ParentRunner.java:66)
            at org.junit.runners.ParentRunner$2.evaluate(ParentRunner.java:293)
            at org.junit.runners.ParentRunner$3.evaluate(ParentRunner.java:306)
            at org.junit.runners.ParentRunner.run(ParentRunner.java:413)
            at org.apache.maven.surefire.junit4.JUnit4Provider.execute(JUnit4Provider.java:252)
            at org.apache.maven.surefire.junit4.JUnit4Provider.executeTestSet(JUnit4Provider.java:141)
            at org.apache.maven.surefire.junit4.JUnit4Provider.invoke(JUnit4Provider.java:112)
            at sun.reflect.NativeMethodAccessorImpl.invoke0(Native Method)
            at sun.reflect.NativeMethodAccessorImpl.invoke(NativeMethodAccessorImpl.java:62)
            at sun.reflect.DelegatingMethodAccessorImpl.invoke(DelegatingMethodAccessorImpl.java:43)
            at java.lang.reflect.Method.invoke(Method.java:498)
            at org.apache.maven.surefire.util.ReflectionUtils.invokeMethodWithArray(ReflectionUtils.java:189)
            at org.apache.maven.surefire.booter.ProviderFactory$ProviderProxy.invoke(ProviderFactory.java:165)
            at org.apache.maven.surefire.booter.ProviderFactory.invokeProvider(ProviderFactory.java:85)
            at org.apache.maven.surefire.booter.ForkedBooter.runSuitesInProcess(ForkedBooter.java:115)
            at org.apache.maven.surefire.booter.ForkedBooter.main(ForkedBooter.java:75)
        </failure>
    </testcase>
    <testcase classname="com.company.task1.ArrayReplacementServiceTest" name="testReplacementZero" time="0.003">
        <failure message="arrays first differed at element [0]; expected:&lt;-1&gt; but was:&lt;0&gt;" type="arrays first differed at element [0]; expected">arrays first differed at element [0]; expected:&lt;-1&gt; but was:&lt;0&gt;
            at org.junit.internal.ComparisonCriteria.arrayEquals(ComparisonCriteria.java:78)
            at org.junit.internal.ComparisonCriteria.arrayEquals(ComparisonCriteria.java:28)
            at org.junit.Assert.internalArrayEquals(Assert.java:534)
            at org.junit.Assert.assertArrayEquals(Assert.java:418)
            at org.junit.Assert.assertArrayEquals(Assert.java:429)
            at com.company.task1.ArrayReplacementServiceTest.testReplacementZero(ArrayReplacementServiceTest.java:20)
            at sun.reflect.NativeMethodAccessorImpl.invoke0(Native Method)
            at sun.reflect.NativeMethodAccessorImpl.invoke(NativeMethodAccessorImpl.java:62)
            at sun.reflect.DelegatingMethodAccessorImpl.invoke(DelegatingMethodAccessorImpl.java:43)
            at java.lang.reflect.Method.invoke(Method.java:498)
            at org.junit.runners.model.FrameworkMethod$1.runReflectiveCall(FrameworkMethod.java:59)
            at org.junit.internal.runners.model.ReflectiveCallable.run(ReflectiveCallable.java:12)
            at org.junit.runners.model.FrameworkMethod.invokeExplosively(FrameworkMethod.java:56)
            at org.junit.internal.runners.statements.InvokeMethod.evaluate(InvokeMethod.java:17)
            at org.junit.runners.ParentRunner$3.evaluate(ParentRunner.java:306)
            at org.junit.runners.BlockJUnit4ClassRunner$1.evaluate(BlockJUnit4ClassRunner.java:100)
            at org.junit.runners.ParentRunner.runLeaf(ParentRunner.java:366)
            at org.junit.runners.BlockJUnit4ClassRunner.runChild(BlockJUnit4ClassRunner.java:103)
            at org.junit.runners.BlockJUnit4ClassRunner.runChild(BlockJUnit4ClassRunner.java:63)
            at org.junit.runners.ParentRunner$4.run(ParentRunner.java:331)
            at org.junit.runners.ParentRunner$1.schedule(ParentRunner.java:79)
            at org.junit.runners.ParentRunner.runChildren(ParentRunner.java:329)
            at org.junit.runners.ParentRunner.access$100(ParentRunner.java:66)
            at org.junit.runners.ParentRunner$2.evaluate(ParentRunner.java:293)
            at org.junit.runners.ParentRunner$3.evaluate(ParentRunner.java:306)
            at org.junit.runners.ParentRunner.run(ParentRunner.java:413)
            at org.junit.runners.Suite.runChild(Suite.java:128)
            at org.junit.runners.Suite.runChild(Suite.java:27)
            at org.junit.runners.ParentRunner$4.run(ParentRunner.java:331)
            at org.junit.runners.ParentRunner$1.schedule(ParentRunner.java:79)
            at org.junit.runners.ParentRunner.runChildren(ParentRunner.java:329)
            at org.junit.runners.ParentRunner.access$100(ParentRunner.java:66)
            at org.junit.runners.ParentRunner$2.evaluate(ParentRunner.java:293)
            at org.junit.runners.ParentRunner$3.evaluate(ParentRunner.java:306)
            at org.junit.runners.ParentRunner.run(ParentRunner.java:413)
            at org.apache.maven.surefire.junit4.JUnit4Provider.execute(JUnit4Provider.java:252)
            at org.apache.maven.surefire.junit4.JUnit4Provider.executeTestSet(JUnit4Provider.java:141)
            at org.apache.maven.surefire.junit4.JUnit4Provider.invoke(JUnit4Provider.java:112)
            at sun.reflect.NativeMethodAccessorImpl.invoke0(Native Method)
            at sun.reflect.NativeMethodAccessorImpl.invoke(NativeMethodAccessorImpl.java:62)
            at sun.reflect.DelegatingMethodAccessorImpl.invoke(DelegatingMethodAccessorImpl.java:43)
            at java.lang.reflect.Method.invoke(Method.java:498)
            at org.apache.maven.surefire.util.ReflectionUtils.invokeMethodWithArray(ReflectionUtils.java:189)
            at org.apache.maven.surefire.booter.ProviderFactory$ProviderProxy.invoke(ProviderFactory.java:165)
            at org.apache.maven.surefire.booter.ProviderFactory.invokeProvider(ProviderFactory.java:85)
            at org.apache.maven.surefire.booter.ForkedBooter.runSuitesInProcess(ForkedBooter.java:115)
            at org.apache.maven.surefire.booter.ForkedBooter.main(ForkedBooter.java:75)
            Caused by: java.lang.AssertionError: expected:&lt;-1&gt; but was:&lt;0&gt;
            at org.junit.Assert.fail(Assert.java:89)
            at org.junit.Assert.failNotEquals(Assert.java:835)
            at org.junit.Assert.assertEquals(Assert.java:120)
            at org.junit.Assert.assertEquals(Assert.java:146)
            at org.junit.internal.ExactComparisonCriteria.assertElementsEqual(ExactComparisonCriteria.java:8)
            at org.junit.internal.ComparisonCriteria.arrayEquals(ComparisonCriteria.java:76)
            ... 46 more
        </failure>
    </testcase>
    <testcase classname="com.company.task1.ArrayExceptionServiceTest" name="testArrayException" time="0.001"/>
</testsuite>