<?xml version="1.0" encoding="UTF-8" ?>
<testsuite tests="8" failures="7" name="com.company.task1.TestSuiteArrayService" time="0.333" errors="0" skipped="0">
    <properties>
        <property name="java.runtime.name" value="Java(TM) SE Runtime Environment"/>
        <property name="sun.boot.library.path" value="C:\Program Files\Java\jdk1.8.0_251\jre\bin"/>
        <property name="java.vm.version" value="25.251-b08"/>
        <property name="java.vm.vendor" value="Oracle Corporation"/>
        <property name="maven.multiModuleProjectDirectory" value="C:\Users\kon\Documents\NetBeansProjects\FirstTask"/>
        <property name="java.vendor.url" value="http://java.oracle.com/"/>
        <property name="path.separator" value=";"/>
        <property name="guice.disable.misplaced.annotation.check" value="true"/>
        <property name="java.vm.name" value="Java HotSpot(TM) 64-Bit Server VM"/>
        <property name="file.encoding.pkg" value="sun.io"/>
        <property name="user.script" value=""/>
        <property name="user.country" value="RU"/>
        <property name="sun.java.launcher" value="SUN_STANDARD"/>
        <property name="sun.os.patch.level" value="Service Pack 1"/>
        <property name="test" value="com.company.task1.TestSuiteArrayService"/>
        <property name="java.vm.specification.name" value="Java Virtual Machine Specification"/>
        <property name="user.dir" value="C:\Users\kon\Documents\NetBeansProjects\FirstTask"/>
        <property name="java.runtime.version" value="1.8.0_251-b08"/>
        <property name="java.awt.graphicsenv" value="sun.awt.Win32GraphicsEnvironment"/>
        <property name="java.endorsed.dirs" value="C:\Program Files\Java\jdk1.8.0_251\jre\lib\endorsed"/>
        <property name="os.arch" value="amd64"/>
        <property name="java.io.tmpdir" value="C:\Users\kon\AppData\Local\Temp\"/>
        <property name="line.separator" value="
"/>
        <property name="java.vm.specification.vendor" value="Oracle Corporation"/>
        <property name="user.variant" value=""/>
        <property name="os.name" value="Windows 7"/>
        <property name="maven.ext.class.path" value="D:\Program Files (x86)\NetBeans-12.4\netbeans\java\maven-nblib\netbeans-eventspy.jar"/>
        <property name="classworlds.conf" value="D:\Program Files (x86)\NetBeans-12.4\netbeans\java\maven\bin\..\bin\m2.conf"/>
        <property name="sun.jnu.encoding" value="Cp1251"/>
        <property name="java.library.path" value="C:\Program Files\Java\jdk1.8.0_251\bin;C:\Windows\Sun\Java\bin;C:\Windows\system32;C:\Windows;C:\Program Files (x86)\Intel\iCLS Client\;C:\Program Files\Intel\iCLS Client\;C:\Program Files (x86)\Common Files\Oracle\Java\javapath;C:\Program Files\Java\jdk1.8.0_251\bin\;C:\Program Files\Intel\Intel(R) Management Engine Components\DAL;C:\Program Files\Intel\Intel(R) Management Engine Components\IPT;C:\Program Files (x86)\Intel\Intel(R) Management Engine Components\DAL;C:\Program Files (x86)\Intel\Intel(R) Management Engine Components\IPT;d:\Program Files\Git\cmd;D:\Program Files (x86)\GitHub CLI\;d:\Program Files\JetBrains\IntelliJ IDEA 2020.1\bin;;."/>
        <property name="maven.conf" value="D:\Program Files (x86)\NetBeans-12.4\netbeans\java\maven\bin\../conf"/>
        <property name="java.specification.name" value="Java Platform API Specification"/>
        <property name="java.class.version" value="52.0"/>
        <property name="sun.management.compiler" value="HotSpot 64-Bit Tiered Compilers"/>
        <property name="os.version" value="6.1"/>
        <property name="library.jansi.path" value="D:\Program Files (x86)\NetBeans-12.4\netbeans\java\maven\bin\..\lib\jansi-native"/>
        <property name="user.home" value="C:\Users\kon"/>
        <property name="user.timezone" value="GMT+03:00"/>
        <property name="java.awt.printerjob" value="sun.awt.windows.WPrinterJob"/>
        <property name="java.specification.version" value="1.8"/>
        <property name="file.encoding" value="Cp1251"/>
        <property name="user.name" value="kon"/>
        <property name="java.class.path" value="D:\Program Files (x86)\NetBeans-12.4\netbeans\java\maven\bin\..\boot\plexus-classworlds-2.6.0.jar"/>
        <property name="java.vm.specification.version" value="1.8"/>
        <property name="sun.arch.data.model" value="64"/>
        <property name="java.home" value="C:\Program Files\Java\jdk1.8.0_251\jre"/>
        <property name="sun.java.command" value="org.codehaus.plexus.classworlds.launcher.Launcher -Dtest=com.company.task1.TestSuiteArrayService -Dmaven.ext.class.path=D:\Program Files (x86)\NetBeans-12.4\netbeans\java\maven-nblib\netbeans-eventspy.jar surefire:test"/>
        <property name="java.specification.vendor" value="Oracle Corporation"/>
        <property name="user.language" value="ru"/>
        <property name="awt.toolkit" value="sun.awt.windows.WToolkit"/>
        <property name="java.vm.info" value="mixed mode"/>
        <property name="java.version" value="1.8.0_251"/>
        <property name="java.ext.dirs" value="C:\Program Files\Java\jdk1.8.0_251\jre\lib\ext;C:\Windows\Sun\Java\lib\ext"/>
        <property name="sun.boot.class.path" value="C:\Program Files\Java\jdk1.8.0_251\jre\lib\resources.jar;C:\Program Files\Java\jdk1.8.0_251\jre\lib\rt.jar;C:\Program Files\Java\jdk1.8.0_251\jre\lib\sunrsasign.jar;C:\Program Files\Java\jdk1.8.0_251\jre\lib\jsse.jar;C:\Program Files\Java\jdk1.8.0_251\jre\lib\jce.jar;C:\Program Files\Java\jdk1.8.0_251\jre\lib\charsets.jar;C:\Program Files\Java\jdk1.8.0_251\jre\lib\jfr.jar;C:\Program Files\Java\jdk1.8.0_251\jre\classes"/>
        <property name="java.vendor" value="Oracle Corporation"/>
        <property name="maven.home" value="D:\Program Files (x86)\NetBeans-12.4\netbeans\java\maven\bin\.."/>
        <property name="file.separator" value="\"/>
        <property name="java.vendor.url.bug" value="http://bugreport.sun.com/bugreport/"/>
        <property name="sun.cpu.endian" value="little"/>
        <property name="sun.io.unicode.encoding" value="UnicodeLittle"/>
        <property name="sun.desktop" value="windows"/>
        <property name="sun.cpu.isalist" value="amd64"/>
    </properties>
    <testcase classname="com.company.task1.ArrayFindServiceTest" name="testFindMax" time="0.323">
        <failure message="expected:&lt;5&gt; but was:&lt;0&gt;" type="java.lang.AssertionError">java.lang.AssertionError: expected:&lt;5&gt; but was:&lt;0&gt;
            at org.junit.Assert.fail(Assert.java:89)
            at org.junit.Assert.failNotEquals(Assert.java:835)
            at org.junit.Assert.assertEquals(Assert.java:647)
            at org.junit.Assert.assertEquals(Assert.java:633)
            at com.company.task1.ArrayFindServiceTest.testFindMax(ArrayFindServiceTest.java:28)
            at sun.reflect.NativeMethodAccessorImpl.invoke0(Native Method)
            at sun.reflect.NativeMethodAccessorImpl.invoke(NativeMethodAccessorImpl.java:62)
            at sun.reflect.DelegatingMethodAccessorImpl.invoke(DelegatingMethodAccessorImpl.java:43)
            at java.lang.reflect.Method.invoke(Method.java:498)
            at org.junit.runners.model.FrameworkMethod$1.runReflectiveCall(FrameworkMethod.java:59)
            at org.junit.internal.runners.model.ReflectiveCallable.run(ReflectiveCallable.java:12)
            at org.junit.runners.model.FrameworkMethod.invokeExplosively(FrameworkMethod.java:56)
            at org.junit.internal.runners.statements.InvokeMethod.evaluate(InvokeMethod.java:17)
            at org.junit.runners.ParentRunner$3.evaluate(ParentRunner.java:306)
            at org.junit.runners.BlockJUnit4ClassRunner$1.evaluate(BlockJUnit4ClassRunner.java:100)
            at org.junit.runners.ParentRunner.runLeaf(ParentRunner.java:366)
            at org.junit.runners.BlockJUnit4ClassRunner.runChild(BlockJUnit4ClassRunner.java:103)
            at org.junit.runners.BlockJUnit4ClassRunner.runChild(BlockJUnit4ClassRunner.java:63)
            at org.junit.runners.ParentRunner$4.run(ParentRunner.java:331)
            at org.junit.runners.ParentRunner$1.schedule(ParentRunner.java:79)
            at org.junit.runners.ParentRunner.runChildren(ParentRunner.java:329)
            at org.junit.runners.ParentRunner.access$100(ParentRunner.java:66)
            at org.junit.runners.ParentRunner$2.evaluate(ParentRunner.java:293)
            at org.junit.runners.ParentRunner$3.evaluate(ParentRunner.java:306)
            at org.junit.runners.ParentRunner.run(ParentRunner.java:413)
            at org.junit.runners.Suite.runChild(Suite.java:128)
            at org.junit.runners.Suite.runChild(Suite.java:27)
            at org.junit.runners.ParentRunner$4.run(ParentRunner.java:331)
            at org.junit.runners.ParentRunner$1.schedule(ParentRunner.java:79)
            at org.junit.runners.ParentRunner.runChildren(ParentRunner.java:329)
            at org.junit.runners.ParentRunner.access$100(ParentRunner.java:66)
            at org.junit.runners.ParentRunner$2.evaluate(ParentRunner.java:293)
            at org.junit.runners.ParentRunner$3.evaluate(ParentRunner.java:306)
            at org.junit.runners.ParentRunner.run(ParentRunner.java:413)
            at org.apache.maven.surefire.junit4.JUnit4Provider.execute(JUnit4Provider.java:252)
            at org.apache.maven.surefire.junit4.JUnit4Provider.executeTestSet(JUnit4Provider.java:141)
            at org.apache.maven.surefire.junit4.JUnit4Provider.invoke(JUnit4Provider.java:112)
            at sun.reflect.NativeMethodAccessorImpl.invoke0(Native Method)
            at sun.reflect.NativeMethodAccessorImpl.invoke(NativeMethodAccessorImpl.java:62)
            at sun.reflect.DelegatingMethodAccessorImpl.invoke(DelegatingMethodAccessorImpl.java:43)
            at java.lang.reflect.Method.invoke(Method.java:498)
            at org.apache.maven.surefire.util.ReflectionUtils.invokeMethodWithArray(ReflectionUtils.java:189)
            at org.apache.maven.surefire.booter.ProviderFactory$ProviderProxy.invoke(ProviderFactory.java:165)
            at org.apache.maven.surefire.booter.ProviderFactory.invokeProvider(ProviderFactory.java:85)
            at org.apache.maven.surefire.booter.ForkedBooter.runSuitesInProcess(ForkedBooter.java:115)
            at org.apache.maven.surefire.booter.ForkedBooter.main(ForkedBooter.java:75)
        </failure>
    </testcase>
    <testcase classname="com.company.task1.ArrayFindServiceTest" name="testFindMin" time="0">
        <failure message="expected:&lt;-4&gt; but was:&lt;0&gt;" type="java.lang.AssertionError">java.lang.AssertionError: expected:&lt;-4&gt; but was:&lt;0&gt;
            at org.junit.Assert.fail(Assert.java:89)
            at org.junit.Assert.failNotEquals(Assert.java:835)
            at org.junit.Assert.assertEquals(Assert.java:647)
            at org.junit.Assert.assertEquals(Assert.java:633)
            at com.company.task1.ArrayFindServiceTest.testFindMin(ArrayFindServiceTest.java:20)
            at sun.reflect.NativeMethodAccessorImpl.invoke0(Native Method)
            at sun.reflect.NativeMethodAccessorImpl.invoke(NativeMethodAccessorImpl.java:62)
            at sun.reflect.DelegatingMethodAccessorImpl.invoke(DelegatingMethodAccessorImpl.java:43)
            at java.lang.reflect.Method.invoke(Method.java:498)
            at org.junit.runners.model.FrameworkMethod$1.runReflectiveCall(FrameworkMethod.java:59)
            at org.junit.internal.runners.model.ReflectiveCallable.run(ReflectiveCallable.java:12)
            at org.junit.runners.model.FrameworkMethod.invokeExplosively(FrameworkMethod.java:56)
            at org.junit.internal.runners.statements.InvokeMethod.evaluate(InvokeMethod.java:17)
            at org.junit.runners.ParentRunner$3.evaluate(ParentRunner.java:306)
            at org.junit.runners.BlockJUnit4ClassRunner$1.evaluate(BlockJUnit4ClassRunner.java:100)
            at org.junit.runners.ParentRunner.runLeaf(ParentRunner.java:366)
            at org.junit.runners.BlockJUnit4ClassRunner.runChild(BlockJUnit4ClassRunner.java:103)
            at org.junit.runners.BlockJUnit4ClassRunner.runChild(BlockJUnit4ClassRunner.java:63)
            at org.junit.runners.ParentRunner$4.run(ParentRunner.java:331)
            at org.junit.runners.ParentRunner$1.schedule(ParentRunner.java:79)
            at org.junit.runners.ParentRunner.runChildren(ParentRunner.java:329)
            at org.junit.runners.ParentRunner.access$100(ParentRunner.java:66)
            at org.junit.runners.ParentRunner$2.evaluate(ParentRunner.java:293)
            at org.junit.runners.ParentRunner$3.evaluate(ParentRunner.java:306)
            at org.junit.runners.ParentRunner.run(ParentRunner.java:413)
            at org.junit.runners.Suite.runChild(Suite.java:128)
            at org.junit.runners.Suite.runChild(Suite.java:27)
            at org.junit.runners.ParentRunner$4.run(ParentRunner.java:331)
            at org.junit.runners.ParentRunner$1.schedule(ParentRunner.java:79)
            at org.junit.runners.ParentRunner.runChildren(ParentRunner.java:329)
            at org.junit.runners.ParentRunner.access$100(ParentRunner.java:66)
            at org.junit.runners.ParentRunner$2.evaluate(ParentRunner.java:293)
            at org.junit.runners.ParentRunner$3.evaluate(ParentRunner.java:306)
            at org.junit.runners.ParentRunner.run(ParentRunner.java:413)
            at org.apache.maven.surefire.junit4.JUnit4Provider.execute(JUnit4Provider.java:252)
            at org.apache.maven.surefire.junit4.JUnit4Provider.executeTestSet(JUnit4Provider.java:141)
            at org.apache.maven.surefire.junit4.JUnit4Provider.invoke(JUnit4Provider.java:112)
            at sun.reflect.NativeMethodAccessorImpl.invoke0(Native Method)
            at sun.reflect.NativeMethodAccessorImpl.invoke(NativeMethodAccessorImpl.java:62)
            at sun.reflect.DelegatingMethodAccessorImpl.invoke(DelegatingMethodAccessorImpl.java:43)
            at java.lang.reflect.Method.invoke(Method.java:498)
            at org.apache.maven.surefire.util.ReflectionUtils.invokeMethodWithArray(ReflectionUtils.java:189)
            at org.apache.maven.surefire.booter.ProviderFactory$ProviderProxy.invoke(ProviderFactory.java:165)
            at org.apache.maven.surefire.booter.ProviderFactory.invokeProvider(ProviderFactory.java:85)
            at org.apache.maven.surefire.booter.ForkedBooter.runSuitesInProcess(ForkedBooter.java:115)
            at org.apache.maven.surefire.booter.ForkedBooter.main(ForkedBooter.java:75)
        </failure>
    </testcase>
    <testcase classname="com.company.task1.ArrayDefiniteServiceTest" name="testDeterminationAmount" time="0.002">
        <failure message="expected:&lt;5&gt; but was:&lt;0&gt;" type="java.lang.AssertionError">java.lang.AssertionError: expected:&lt;5&gt; but was:&lt;0&gt;
            at org.junit.Assert.fail(Assert.java:89)
            at org.junit.Assert.failNotEquals(Assert.java:835)
            at org.junit.Assert.assertEquals(Assert.java:647)
            at org.junit.Assert.assertEquals(Assert.java:633)
            at com.company.task1.ArrayDefiniteServiceTest.testDeterminationAmount(ArrayDefiniteServiceTest.java:20)
            at sun.reflect.NativeMethodAccessorImpl.invoke0(Native Method)
            at sun.reflect.NativeMethodAccessorImpl.invoke(NativeMethodAccessorImpl.java:62)
            at sun.reflect.DelegatingMethodAccessorImpl.invoke(DelegatingMethodAccessorImpl.java:43)
            at java.lang.reflect.Method.invoke(Method.java:498)
            at org.junit.runners.model.FrameworkMethod$1.runReflectiveCall(FrameworkMethod.java:59)
            at org.junit.internal.runners.model.ReflectiveCallable.run(ReflectiveCallable.java:12)
            at org.junit.runners.model.FrameworkMethod.invokeExplosively(FrameworkMethod.java:56)
            at org.junit.internal.runners.statements.InvokeMethod.evaluate(InvokeMethod.java:17)
            at org.junit.runners.ParentRunner$3.evaluate(ParentRunner.java:306)
            at org.junit.runners.BlockJUnit4ClassRunner$1.evaluate(BlockJUnit4ClassRunner.java:100)
            at org.junit.runners.ParentRunner.runLeaf(ParentRunner.java:366)
            at org.junit.runners.BlockJUnit4ClassRunner.runChild(BlockJUnit4ClassRunner.java:103)
            at org.junit.runners.BlockJUnit4ClassRunner.runChild(BlockJUnit4ClassRunner.java:63)
            at org.junit.runners.ParentRunner$4.run(ParentRunner.java:331)
            at org.junit.runners.ParentRunner$1.schedule(ParentRunner.java:79)
            at org.junit.runners.ParentRunner.runChildren(ParentRunner.java:329)
            at org.junit.runners.ParentRunner.access$100(ParentRunner.java:66)
            at org.junit.runners.ParentRunner$2.evaluate(ParentRunner.java:293)
            at org.junit.runners.ParentRunner$3.evaluate(ParentRunner.java:306)
            at org.junit.runners.ParentRunner.run(ParentRunner.java:413)
            at org.junit.runners.Suite.runChild(Suite.java:128)
            at org.junit.runners.Suite.runChild(Suite.java:27)
            at org.junit.runners.ParentRunner$4.run(ParentRunner.java:331)
            at org.junit.runners.ParentRunner$1.schedule(ParentRunner.java:79)
            at org.junit.runners.ParentRunner.runChildren(ParentRunner.java:329)
            at org.junit.runners.ParentRunner.access$100(ParentRunner.java:66)
            at org.junit.runners.ParentRunner$2.evaluate(ParentRunner.java:293)
            at org.junit.runners.ParentRunner$3.evaluate(ParentRunner.java:306)
            at org.junit.runners.ParentRunner.run(ParentRunner.java:413)
            at org.apache.maven.surefire.junit4.JUnit4Provider.execute(JUnit4Provider.java:252)
            at org.apache.maven.surefire.junit4.JUnit4Provider.executeTestSet(JUnit4Provider.java:141)
            at org.apache.maven.surefire.junit4.JUnit4Provider.invoke(JUnit4Provider.java:112)
            at sun.reflect.NativeMethodAccessorImpl.invoke0(Native Method)
            at sun.reflect.NativeMethodAccessorImpl.invoke(NativeMethodAccessorImpl.java:62)
            at sun.reflect.DelegatingMethodAccessorImpl.invoke(DelegatingMethodAccessorImpl.java:43)
            at java.lang.reflect.Method.invoke(Method.java:498)
            at org.apache.maven.surefire.util.ReflectionUtils.invokeMethodWithArray(ReflectionUtils.java:189)
            at org.apache.maven.surefire.booter.ProviderFactory$ProviderProxy.invoke(ProviderFactory.java:165)
            at org.apache.maven.surefire.booter.ProviderFactory.invokeProvider(ProviderFactory.java:85)
            at org.apache.maven.surefire.booter.ForkedBooter.runSuitesInProcess(ForkedBooter.java:115)
            at org.apache.maven.surefire.booter.ForkedBooter.main(ForkedBooter.java:75)
        </failure>
    </testcase>
    <testcase classname="com.company.task1.ArrayDefiniteServiceTest" name="testDeterminationPositive" time="0.001">
        <failure message="expected:&lt;3&gt; but was:&lt;0&gt;" type="java.lang.AssertionError">java.lang.AssertionError: expected:&lt;3&gt; but was:&lt;0&gt;
            at org.junit.Assert.fail(Assert.java:89)
            at org.junit.Assert.failNotEquals(Assert.java:835)
            at org.junit.Assert.assertEquals(Assert.java:647)
            at org.junit.Assert.assertEquals(Assert.java:633)
            at com.company.task1.ArrayDefiniteServiceTest.testDeterminationPositive(ArrayDefiniteServiceTest.java:36)
            at sun.reflect.NativeMethodAccessorImpl.invoke0(Native Method)
            at sun.reflect.NativeMethodAccessorImpl.invoke(NativeMethodAccessorImpl.java:62)
            at sun.reflect.DelegatingMethodAccessorImpl.invoke(DelegatingMethodAccessorImpl.java:43)
            at java.lang.reflect.Method.invoke(Method.java:498)
            at org.junit.runners.model.FrameworkMethod$1.runReflectiveCall(FrameworkMethod.java:59)
            at org.junit.internal.runners.model.ReflectiveCallable.run(ReflectiveCallable.java:12)
            at org.junit.runners.model.FrameworkMethod.invokeExplosively(FrameworkMethod.java:56)
            at org.junit.internal.runners.statements.InvokeMethod.evaluate(InvokeMethod.java:17)
            at org.junit.runners.ParentRunner$3.evaluate(ParentRunner.java:306)
            at org.junit.runners.BlockJUnit4ClassRunner$1.evaluate(BlockJUnit4ClassRunner.java:100)
            at org.junit.runners.ParentRunner.runLeaf(ParentRunner.java:366)
            at org.junit.runners.BlockJUnit4ClassRunner.runChild(BlockJUnit4ClassRunner.java:103)
            at org.junit.runners.BlockJUnit4ClassRunner.runChild(BlockJUnit4ClassRunner.java:63)
            at org.junit.runners.ParentRunner$4.run(ParentRunner.java:331)
            at org.junit.runners.ParentRunner$1.schedule(ParentRunner.java:79)
            at org.junit.runners.ParentRunner.runChildren(ParentRunner.java:329)
            at org.junit.runners.ParentRunner.access$100(ParentRunner.java:66)
            at org.junit.runners.ParentRunner$2.evaluate(ParentRunner.java:293)
            at org.junit.runners.ParentRunner$3.evaluate(ParentRunner.java:306)
            at org.junit.runners.ParentRunner.run(ParentRunner.java:413)
            at org.junit.runners.Suite.runChild(Suite.java:128)
            at org.junit.runners.Suite.runChild(Suite.java:27)
            at org.junit.runners.ParentRunner$4.run(ParentRunner.java:331)
            at org.junit.runners.ParentRunner$1.schedule(ParentRunner.java:79)
            at org.junit.runners.ParentRunner.runChildren(ParentRunner.java:329)
            at org.junit.runners.ParentRunner.access$100(ParentRunner.java:66)
            at org.junit.runners.ParentRunner$2.evaluate(ParentRunner.java:293)
            at org.junit.runners.ParentRunner$3.evaluate(ParentRunner.java:306)
            at org.junit.runners.ParentRunner.run(ParentRunner.java:413)
            at org.apache.maven.surefire.junit4.JUnit4Provider.execute(JUnit4Provider.java:252)
            at org.apache.maven.surefire.junit4.JUnit4Provider.executeTestSet(JUnit4Provider.java:141)
            at org.apache.maven.surefire.junit4.JUnit4Provider.invoke(JUnit4Provider.java:112)
            at sun.reflect.NativeMethodAccessorImpl.invoke0(Native Method)
            at sun.reflect.NativeMethodAccessorImpl.invoke(NativeMethodAccessorImpl.java:62)
            at sun.reflect.DelegatingMethodAccessorImpl.invoke(DelegatingMethodAccessorImpl.java:43)
            at java.lang.reflect.Method.invoke(Method.java:498)
            at org.apache.maven.surefire.util.ReflectionUtils.invokeMethodWithArray(ReflectionUtils.java:189)
            at org.apache.maven.surefire.booter.ProviderFactory$ProviderProxy.invoke(ProviderFactory.java:165)
            at org.apache.maven.surefire.booter.ProviderFactory.invokeProvider(ProviderFactory.java:85)
            at org.apache.maven.surefire.booter.ForkedBooter.runSuitesInProcess(ForkedBooter.java:115)
            at org.apache.maven.surefire.booter.ForkedBooter.main(ForkedBooter.java:75)
        </failure>
    </testcase>
    <testcase classname="com.company.task1.ArrayDefiniteServiceTest" name="testDeterminationAverage" time="0.002">
        <failure message="expected:&lt;1.25&gt; but was:&lt;0.0&gt;" type="java.lang.AssertionError">java.lang.AssertionError: expected:&lt;1.25&gt; but was:&lt;0.0&gt;
            at org.junit.Assert.fail(Assert.java:89)
            at org.junit.Assert.failNotEquals(Assert.java:835)
            at org.junit.Assert.assertEquals(Assert.java:555)
            at org.junit.Assert.assertEquals(Assert.java:685)
            at com.company.task1.ArrayDefiniteServiceTest.testDeterminationAverage(ArrayDefiniteServiceTest.java:28)
            at sun.reflect.NativeMethodAccessorImpl.invoke0(Native Method)
            at sun.reflect.NativeMethodAccessorImpl.invoke(NativeMethodAccessorImpl.java:62)
            at sun.reflect.DelegatingMethodAccessorImpl.invoke(DelegatingMethodAccessorImpl.java:43)
            at java.lang.reflect.Method.invoke(Method.java:498)
            at org.junit.runners.model.FrameworkMethod$1.runReflectiveCall(FrameworkMethod.java:59)
            at org.junit.internal.runners.model.ReflectiveCallable.run(ReflectiveCallable.java:12)
            at org.junit.runners.model.FrameworkMethod.invokeExplosively(FrameworkMethod.java:56)
            at org.junit.internal.runners.statements.InvokeMethod.evaluate(InvokeMethod.java:17)
            at org.junit.runners.ParentRunner$3.evaluate(ParentRunner.java:306)
            at org.junit.runners.BlockJUnit4ClassRunner$1.evaluate(BlockJUnit4ClassRunner.java:100)
            at org.junit.runners.ParentRunner.runLeaf(ParentRunner.java:366)
            at org.junit.runners.BlockJUnit4ClassRunner.runChild(BlockJUnit4ClassRunner.java:103)
            at org.junit.runners.BlockJUnit4ClassRunner.runChild(BlockJUnit4ClassRunner.java:63)
            at org.junit.runners.ParentRunner$4.run(ParentRunner.java:331)
            at org.junit.runners.ParentRunner$1.schedule(ParentRunner.java:79)
            at org.junit.runners.ParentRunner.runChildren(ParentRunner.java:329)
            at org.junit.runners.ParentRunner.access$100(ParentRunner.java:66)
            at org.junit.runners.ParentRunner$2.evaluate(ParentRunner.java:293)
            at org.junit.runners.ParentRunner$3.evaluate(ParentRunner.java:306)
            at org.junit.runners.ParentRunner.run(ParentRunner.java:413)
            at org.junit.runners.Suite.runChild(Suite.java:128)
            at org.junit.runners.Suite.runChild(Suite.java:27)
            at org.junit.runners.ParentRunner$4.run(ParentRunner.java:331)
            at org.junit.runners.ParentRunner$1.schedule(ParentRunner.java:79)
            at org.junit.runners.ParentRunner.runChildren(ParentRunner.java:329)
            at org.junit.runners.ParentRunner.access$100(ParentRunner.java:66)
            at org.junit.runners.ParentRunner$2.evaluate(ParentRunner.java:293)
            at org.junit.runners.ParentRunner$3.evaluate(ParentRunner.java:306)
            at org.junit.runners.ParentRunner.run(ParentRunner.java:413)
            at org.apache.maven.surefire.junit4.JUnit4Provider.execute(JUnit4Provider.java:252)
            at org.apache.maven.surefire.junit4.JUnit4Provider.executeTestSet(JUnit4Provider.java:141)
            at org.apache.maven.surefire.junit4.JUnit4Provider.invoke(JUnit4Provider.java:112)
            at sun.reflect.NativeMethodAccessorImpl.invoke0(Native Method)
            at sun.reflect.NativeMethodAccessorImpl.invoke(NativeMethodAccessorImpl.java:62)
            at sun.reflect.DelegatingMethodAccessorImpl.invoke(DelegatingMethodAccessorImpl.java:43)
            at java.lang.reflect.Method.invoke(Method.java:498)
            at org.apache.maven.surefire.util.ReflectionUtils.invokeMethodWithArray(ReflectionUtils.java:189)
            at org.apache.maven.surefire.booter.ProviderFactory$ProviderProxy.invoke(ProviderFactory.java:165)
            at org.apache.maven.surefire.booter.ProviderFactory.invokeProvider(ProviderFactory.java:85)
            at org.apache.maven.surefire.booter.ForkedBooter.runSuitesInProcess(ForkedBooter.java:115)
            at org.apache.maven.surefire.booter.ForkedBooter.main(ForkedBooter.java:75)
        </failure>
    </testcase>
    <testcase classname="com.company.task1.ArrayDefiniteServiceTest" name="testDeterminationNegative" time="0.001">
        <failure message="expected:&lt;1&gt; but was:&lt;0&gt;" type="java.lang.AssertionError">java.lang.AssertionError: expected:&lt;1&gt; but was:&lt;0&gt;
            at org.junit.Assert.fail(Assert.java:89)
            at org.junit.Assert.failNotEquals(Assert.java:835)
            at org.junit.Assert.assertEquals(Assert.java:647)
            at org.junit.Assert.assertEquals(Assert.java:633)
            at com.company.task1.ArrayDefiniteServiceTest.testDeterminationNegative(ArrayDefiniteServiceTest.java:44)
            at sun.reflect.NativeMethodAccessorImpl.invoke0(Native Method)
            at sun.reflect.NativeMethodAccessorImpl.invoke(NativeMethodAccessorImpl.java:62)
            at sun.reflect.DelegatingMethodAccessorImpl.invoke(DelegatingMethodAccessorImpl.java:43)
            at java.lang.reflect.Method.invoke(Method.java:498)
            at org.junit.runners.model.FrameworkMethod$1.runReflectiveCall(FrameworkMethod.java:59)
            at org.junit.internal.runners.model.ReflectiveCallable.run(ReflectiveCallable.java:12)
            at org.junit.runners.model.FrameworkMethod.invokeExplosively(FrameworkMethod.java:56)
            at org.junit.internal.runners.statements.InvokeMethod.evaluate(InvokeMethod.java:17)
            at org.junit.runners.ParentRunner$3.evaluate(ParentRunner.java:306)
            at org.junit.runners.BlockJUnit4ClassRunner$1.evaluate(BlockJUnit4ClassRunner.java:100)
            at org.junit.runners.ParentRunner.runLeaf(ParentRunner.java:366)
            at org.junit.runners.BlockJUnit4ClassRunner.runChild(BlockJUnit4ClassRunner.java:103)
            at org.junit.runners.BlockJUnit4ClassRunner.runChild(BlockJUnit4ClassRunner.java:63)
            at org.junit.runners.ParentRunner$4.run(ParentRunner.java:331)
            at org.junit.runners.ParentRunner$1.schedule(ParentRunner.java:79)
            at org.junit.runners.ParentRunner.runChildren(ParentRunner.java:329)
            at org.junit.runners.ParentRunner.access$100(ParentRunner.java:66)
            at org.junit.runners.ParentRunner$2.evaluate(ParentRunner.java:293)
            at org.junit.runners.ParentRunner$3.evaluate(ParentRunner.java:306)
            at org.junit.runners.ParentRunner.run(ParentRunner.java:413)
            at org.junit.runners.Suite.runChild(Suite.java:128)
            at org.junit.runners.Suite.runChild(Suite.java:27)
            at org.junit.runners.ParentRunner$4.run(ParentRunner.java:331)
            at org.junit.runners.ParentRunner$1.schedule(ParentRunner.java:79)
            at org.junit.runners.ParentRunner.runChildren(ParentRunner.java:329)
            at org.junit.runners.ParentRunner.access$100(ParentRunner.java:66)
            at org.junit.runners.ParentRunner$2.evaluate(ParentRunner.java:293)
            at org.junit.runners.ParentRunner$3.evaluate(ParentRunner.java:306)
            at org.junit.runners.ParentRunner.run(ParentRunner.java:413)
            at org.apache.maven.surefire.junit4.JUnit4Provider.execute(JUnit4Provider.java:252)
            at org.apache.maven.surefire.junit4.JUnit4Provider.executeTestSet(JUnit4Provider.java:141)
            at org.apache.maven.surefire.junit4.JUnit4Provider.invoke(JUnit4Provider.java:112)
            at sun.reflect.NativeMethodAccessorImpl.invoke0(Native Method)
            at sun.reflect.NativeMethodAccessorImpl.invoke(NativeMethodAccessorImpl.java:62)
            at sun.reflect.DelegatingMethodAccessorImpl.invoke(DelegatingMethodAccessorImpl.java:43)
            at java.lang.reflect.Method.invoke(Method.java:498)
            at org.apache.maven.surefire.util.ReflectionUtils.invokeMethodWithArray(ReflectionUtils.java:189)
            at org.apache.maven.surefire.booter.ProviderFactory$ProviderProxy.invoke(ProviderFactory.java:165)
            at org.apache.maven.surefire.booter.ProviderFactory.invokeProvider(ProviderFactory.java:85)
            at org.apache.maven.surefire.booter.ForkedBooter.runSuitesInProcess(ForkedBooter.java:115)
            at org.apache.maven.surefire.booter.ForkedBooter.main(ForkedBooter.java:75)
        </failure>
    </testcase>
    <testcase classname="com.company.task1.ArrayReplacementServiceTest" name="testReplacementZero" time="0.003">
        <failure message="arrays first differed at element [0]; expected:&lt;-1&gt; but was:&lt;0&gt;" type="arrays first differed at element [0]; expected">arrays first differed at element [0]; expected:&lt;-1&gt; but was:&lt;0&gt;
            at org.junit.internal.ComparisonCriteria.arrayEquals(ComparisonCriteria.java:78)
            at org.junit.internal.ComparisonCriteria.arrayEquals(ComparisonCriteria.java:28)
            at org.junit.Assert.internalArrayEquals(Assert.java:534)
            at org.junit.Assert.assertArrayEquals(Assert.java:418)
            at org.junit.Assert.assertArrayEquals(Assert.java:429)
            at com.company.task1.ArrayReplacementServiceTest.testReplacementZero(ArrayReplacementServiceTest.java:20)
            at sun.reflect.NativeMethodAccessorImpl.invoke0(Native Method)
            at sun.reflect.NativeMethodAccessorImpl.invoke(NativeMethodAccessorImpl.java:62)
            at sun.reflect.DelegatingMethodAccessorImpl.invoke(DelegatingMethodAccessorImpl.java:43)
            at java.lang.reflect.Method.invoke(Method.java:498)
            at org.junit.runners.model.FrameworkMethod$1.runReflectiveCall(FrameworkMethod.java:59)
            at org.junit.internal.runners.model.ReflectiveCallable.run(ReflectiveCallable.java:12)
            at org.junit.runners.model.FrameworkMethod.invokeExplosively(FrameworkMethod.java:56)
            at org.junit.internal.runners.statements.InvokeMethod.evaluate(InvokeMethod.java:17)
            at org.junit.runners.ParentRunner$3.evaluate(ParentRunner.java:306)
            at org.junit.runners.BlockJUnit4ClassRunner$1.evaluate(BlockJUnit4ClassRunner.java:100)
            at org.junit.runners.ParentRunner.runLeaf(ParentRunner.java:366)
            at org.junit.runners.BlockJUnit4ClassRunner.runChild(BlockJUnit4ClassRunner.java:103)
            at org.junit.runners.BlockJUnit4ClassRunner.runChild(BlockJUnit4ClassRunner.java:63)
            at org.junit.runners.ParentRunner$4.run(ParentRunner.java:331)
            at org.junit.runners.ParentRunner$1.schedule(ParentRunner.java:79)
            at org.junit.runners.ParentRunner.runChildren(ParentRunner.java:329)
            at org.junit.runners.ParentRunner.access$100(ParentRunner.java:66)
            at org.junit.runners.ParentRunner$2.evaluate(ParentRunner.java:293)
            at org.junit.runners.ParentRunner$3.evaluate(ParentRunner.java:306)
            at org.junit.runners.ParentRunner.run(ParentRunner.java:413)
            at org.junit.runners.Suite.runChild(Suite.java:128)
            at org.junit.runners.Suite.runChild(Suite.java:27)
            at org.junit.runners.ParentRunner$4.run(ParentRunner.java:331)
            at org.junit.runners.ParentRunner$1.schedule(ParentRunner.java:79)
            at org.junit.runners.ParentRunner.runChildren(ParentRunner.java:329)
            at org.junit.runners.ParentRunner.access$100(ParentRunner.java:66)
            at org.junit.runners.ParentRunner$2.evaluate(ParentRunner.java:293)
            at org.junit.runners.ParentRunner$3.evaluate(ParentRunner.java:306)
            at org.junit.runners.ParentRunner.run(ParentRunner.java:413)
            at org.apache.maven.surefire.junit4.JUnit4Provider.execute(JUnit4Provider.java:252)
            at org.apache.maven.surefire.junit4.JUnit4Provider.executeTestSet(JUnit4Provider.java:141)
            at org.apache.maven.surefire.junit4.JUnit4Provider.invoke(JUnit4Provider.java:112)
            at sun.reflect.NativeMethodAccessorImpl.invoke0(Native Method)
            at sun.reflect.NativeMethodAccessorImpl.invoke(NativeMethodAccessorImpl.java:62)
            at sun.reflect.DelegatingMethodAccessorImpl.invoke(DelegatingMethodAccessorImpl.java:43)
            at java.lang.reflect.Method.invoke(Method.java:498)
            at org.apache.maven.surefire.util.ReflectionUtils.invokeMethodWithArray(ReflectionUtils.java:189)
            at org.apache.maven.surefire.booter.ProviderFactory$ProviderProxy.invoke(ProviderFactory.java:165)
            at org.apache.maven.surefire.booter.ProviderFactory.invokeProvider(ProviderFactory.java:85)
            at org.apache.maven.surefire.booter.ForkedBooter.runSuitesInProcess(ForkedBooter.java:115)
            at org.apache.maven.surefire.booter.ForkedBooter.main(ForkedBooter.java:75)
            Caused by: java.lang.AssertionError: expected:&lt;-1&gt; but was:&lt;0&gt;
            at org.junit.Assert.fail(Assert.java:89)
            at org.junit.Assert.failNotEquals(Assert.java:835)
            at org.junit.Assert.assertEquals(Assert.java:120)
            at org.junit.Assert.assertEquals(Assert.java:146)
            at org.junit.internal.ExactComparisonCriteria.assertElementsEqual(ExactComparisonCriteria.java:8)
            at org.junit.internal.ComparisonCriteria.arrayEquals(ComparisonCriteria.java:76)
            ... 46 more
        </failure>
    </testcase>
    <testcase classname="com.company.task1.ArrayExceptionServiceTest" name="testArrayException" time="0.001"/>
</testsuite>